<?xml version="1.0" encoding="UTF-8"?>
<testng-results skipped="0" failed="0" ignored="0" total="8" passed="8">
  <reporter-output>
  </reporter-output>
  <suite name="Default suite" duration-ms="303157" started-at="2020-09-02T00:16:39Z" finished-at="2020-09-02T00:21:42Z">
    <groups>
    </groups>
    <test name="Default test" duration-ms="303157" started-at="2020-09-02T00:16:39Z" finished-at="2020-09-02T00:21:42Z">
      <class name="test.MapTestSuite">
        <test-method status="PASS" signature="ElementsWithoutData()[pri:0, instance:test.MapTestSuite@fdefd3f]" name="ElementsWithoutData" duration-ms="38603" started-at="2020-09-01T19:16:39Z" finished-at="2020-09-01T19:17:17Z">
          <reporter-output>
          </reporter-output>
        </test-method> <!-- ElementsWithoutData -->
        <test-method status="PASS" signature="LugaresDeInteresLayerGroupVisualizationOneByOne()[pri:0, instance:test.MapTestSuite@fdefd3f]" name="LugaresDeInteresLayerGroupVisualizationOneByOne" duration-ms="39651" started-at="2020-09-01T19:17:17Z" finished-at="2020-09-01T19:17:57Z">
          <reporter-output>
          </reporter-output>
        </test-method> <!-- LugaresDeInteresLayerGroupVisualizationOneByOne -->
        <test-method status="PASS" signature="LugaresDeInteresLayerVisualization()[pri:0, instance:test.MapTestSuite@fdefd3f]" name="LugaresDeInteresLayerVisualization" duration-ms="35502" started-at="2020-09-01T19:17:57Z" finished-at="2020-09-01T19:18:32Z">
          <reporter-output>
          </reporter-output>
        </test-method> <!-- LugaresDeInteresLayerVisualization -->
        <test-method status="PASS" signature="OpenLayerControlMenu()[pri:0, instance:test.MapTestSuite@fdefd3f]" name="OpenLayerControlMenu" duration-ms="35436" started-at="2020-09-01T19:18:32Z" finished-at="2020-09-01T19:19:08Z">
          <reporter-output>
          </reporter-output>
        </test-method> <!-- OpenLayerControlMenu -->
        <test-method status="PASS" signature="ResetInicialPositionMap()[pri:0, instance:test.MapTestSuite@fdefd3f]" name="ResetInicialPositionMap" duration-ms="39894" started-at="2020-09-01T19:19:08Z" finished-at="2020-09-01T19:19:48Z">
          <reporter-output>
          </reporter-output>
        </test-method> <!-- ResetInicialPositionMap -->
        <test-method status="PASS" signature="ResetInitialOrientationMap()[pri:0, instance:test.MapTestSuite@fdefd3f]" name="ResetInitialOrientationMap" duration-ms="42423" started-at="2020-09-01T19:19:48Z" finished-at="2020-09-01T19:20:30Z">
          <reporter-output>
          </reporter-output>
        </test-method> <!-- ResetInitialOrientationMap -->
        <test-method status="PASS" signature="ViewHospitalDetails()[pri:0, instance:test.MapTestSuite@fdefd3f]" name="ViewHospitalDetails" duration-ms="36642" started-at="2020-09-01T19:20:30Z" finished-at="2020-09-01T19:21:07Z">
          <reporter-output>
          </reporter-output>
        </test-method> <!-- ViewHospitalDetails -->
        <test-method status="PASS" signature="viewHospitalMenuDetails()[pri:0, instance:test.MapTestSuite@fdefd3f]" name="viewHospitalMenuDetails" duration-ms="34929" started-at="2020-09-01T19:21:07Z" finished-at="2020-09-01T19:21:42Z">
          <reporter-output>
          </reporter-output>
        </test-method> <!-- viewHospitalMenuDetails -->
      </class> <!-- test.MapTestSuite -->
    </test> <!-- Default test -->
  </suite> <!-- Default suite -->
</testng-results>
