<?xml version="1.0" encoding="UTF-8"?>
<!-- Generated by org.testng.reporters.JUnitXMLReporter -->
<testsuite hostname="DESKTOP-V05VKJF" ignored="0" name="Default test" tests="6" failures="0" timestamp="02 sep 2020 00:10:08 GMT" time="227.417" errors="0">
  <testcase name="ElementsWithoutData" time="40.305" classname="test.MapTestSuite"/>
  <testcase name="LugaresDeInteresLayerGroupVisualizationOneByOne" time="40.692" classname="test.MapTestSuite"/>
  <testcase name="LugaresDeInteresLayerVisualization" time="37.081" classname="test.MapTestSuite"/>
  <testcase name="OpenLayerControlMenu" time="37.721" classname="test.MapTestSuite"/>
  <testcase name="ResetInicialPositionMap" time="33.139" classname="test.MapTestSuite"/>
  <testcase name="ResetInitialOrientationMap" time="38.413" classname="test.MapTestSuite"/>
</testsuite> <!-- Default test -->
