<?xml version="1.0" encoding="UTF-8"?>
<!-- Generated by org.testng.reporters.JUnitReportReporter -->
<testsuite name="RunMapTest.RunElementsWithoutData" tests="1" time="37.613" ignored="0" failures="0" timestamp="25 ago 2020 15:06:06 GMT" skipped="0" hostname="MacBook-Pro-de-Alberto.local" errors="1">
  <testcase name="runScenario" time="37.613" classname="RunMapTest.RunElementsWithoutData">
    <error type="org.openqa.selenium.NoSuchElementException" message="no such element: Unable to locate element: {&quot;method&quot;:&quot;xpath&quot;,&quot;selector&quot;:&quot;/html/body/sdp-root/sdp-crisis-page/div/mat-sidenav-container/mat-sidenav-content/div/sdp-crisis-map/div/sdp-map-tools/div/div[2]/mat-icon[@title=&#039;Capas del mapa&#039;]&quot;}
  (Session info: chrome=84.0.4147.135)
For documentation on this error, please visit: https://www.seleniumhq.org/exceptions/no_such_element.html
Build info: version: &#039;3.141.59&#039;, revision: &#039;e82be7d358&#039;, time: &#039;2018-11-14T08:17:03&#039;
System info: host: &#039;MacBook-Pro-de-Alberto.local&#039;, ip: &#039;fe80:0:0:0:1490:aeee:6a3e:4128%en0&#039;, os.name: &#039;Mac OS X&#039;, os.arch: &#039;x86_64&#039;, os.version: &#039;10.15.5&#039;, java.version: &#039;1.8.0_251&#039;
Driver info: org.openqa.selenium.chrome.ChromeDriver
Capabilities {acceptInsecureCerts: false, browserName: chrome, browserVersion: 84.0.4147.135, chrome: {chromedriverVersion: 84.0.4147.30 (48b3e868b4cc0..., userDataDir: /var/folders/tw/ktj2f8ns4xd...}, goog:chromeOptions: {debuggerAddress: localhost:52722}, javascriptEnabled: true, networkConnectionEnabled: false, pageLoadStrategy: normal, platform: MAC, platformName: MAC, proxy: Proxy(), setWindowRect: true, strictFileInteractability: false, timeouts: {implicit: 0, pageLoad: 300000, script: 30000}, unhandledPromptBehavior: dismiss and notify, webauthn:virtualAuthenticators: true}
Session ID: 972249f125df94a7480503ce5261d742
*** Element info: {Using=xpath, value=/html/body/sdp-root/sdp-crisis-page/div/mat-sidenav-container/mat-sidenav-content/div/sdp-crisis-map/div/sdp-map-tools/div/div[2]/mat-icon[@title=&#039;Capas del mapa&#039;]}">
      <![CDATA[org.openqa.selenium.NoSuchElementException: no such element: Unable to locate element: {"method":"xpath","selector":"/html/body/sdp-root/sdp-crisis-page/div/mat-sidenav-container/mat-sidenav-content/div/sdp-crisis-map/div/sdp-map-tools/div/div[2]/mat-icon[@title='Capas del mapa']"}
  (Session info: chrome=84.0.4147.135)
For documentation on this error, please visit: https://www.seleniumhq.org/exceptions/no_such_element.html
Build info: version: '3.141.59', revision: 'e82be7d358', time: '2018-11-14T08:17:03'
System info: host: 'MacBook-Pro-de-Alberto.local', ip: 'fe80:0:0:0:1490:aeee:6a3e:4128%en0', os.name: 'Mac OS X', os.arch: 'x86_64', os.version: '10.15.5', java.version: '1.8.0_251'
Driver info: org.openqa.selenium.chrome.ChromeDriver
Capabilities {acceptInsecureCerts: false, browserName: chrome, browserVersion: 84.0.4147.135, chrome: {chromedriverVersion: 84.0.4147.30 (48b3e868b4cc0..., userDataDir: /var/folders/tw/ktj2f8ns4xd...}, goog:chromeOptions: {debuggerAddress: localhost:52722}, javascriptEnabled: true, networkConnectionEnabled: false, pageLoadStrategy: normal, platform: MAC, platformName: MAC, proxy: Proxy(), setWindowRect: true, strictFileInteractability: false, timeouts: {implicit: 0, pageLoad: 300000, script: 30000}, unhandledPromptBehavior: dismiss and notify, webauthn:virtualAuthenticators: true}
Session ID: 972249f125df94a7480503ce5261d742
*** Element info: {Using=xpath, value=/html/body/sdp-root/sdp-crisis-page/div/mat-sidenav-container/mat-sidenav-content/div/sdp-crisis-map/div/sdp-map-tools/div/div[2]/mat-icon[@title='Capas del mapa']}
	at sun.reflect.NativeConstructorAccessorImpl.newInstance0(Native Method)
	at sun.reflect.NativeConstructorAccessorImpl.newInstance(NativeConstructorAccessorImpl.java:62)
	at sun.reflect.DelegatingConstructorAccessorImpl.newInstance(DelegatingConstructorAccessorImpl.java:45)
	at java.lang.reflect.Constructor.newInstance(Constructor.java:423)
	at org.openqa.selenium.remote.http.W3CHttpResponseCodec.createException(W3CHttpResponseCodec.java:187)
	at org.openqa.selenium.remote.http.W3CHttpResponseCodec.decode(W3CHttpResponseCodec.java:122)
	at org.openqa.selenium.remote.http.W3CHttpResponseCodec.decode(W3CHttpResponseCodec.java:49)
	at org.openqa.selenium.remote.HttpCommandExecutor.execute(HttpCommandExecutor.java:158)
	at org.openqa.selenium.remote.service.DriverCommandExecutor.execute(DriverCommandExecutor.java:83)
	at org.openqa.selenium.remote.RemoteWebDriver.execute(RemoteWebDriver.java:552)
	at org.openqa.selenium.remote.RemoteWebDriver.findElement(RemoteWebDriver.java:323)
	at org.openqa.selenium.remote.RemoteWebDriver.findElementByXPath(RemoteWebDriver.java:428)
	at org.openqa.selenium.By$ByXPath.findElement(By.java:353)
	at org.openqa.selenium.remote.RemoteWebDriver.findElement(RemoteWebDriver.java:315)
	at map.ElementsWithoutData.whenStep(ElementsWithoutData.java:53)
	at ✽.The user test that CAMAS GENERALES hospitals with any data is not vissible(file:///Users/albertodanielpicassogonzalez/git/CrisisThales/crisisManagementSystem/src/test/resources/MapFeatures/ViewElementsWitoutData.feature:5)
]]>
    </error>
  </testcase> <!-- runScenario -->
</testsuite> <!-- RunMapTest.RunElementsWithoutData -->
