<?xml version="1.0" encoding="UTF-8"?>
<!-- Generated by org.testng.reporters.JUnitReportReporter -->
<testsuite name="RunMapTest.RunSearchWithQuotationMarks" tests="1" time="48.699" ignored="0" failures="1" timestamp="04 sep 2020 01:05:49 GMT" skipped="0" hostname="DESKTOP-V05VKJF" errors="0">
  <testcase name="runScenario" time="48.699" classname="RunMapTest.RunSearchWithQuotationMarks">
    <failure type="java.lang.AssertionError" message="The tooltip isn&#039;t displayed expected [false] but found [true]">
      <![CDATA[java.lang.AssertionError: The tooltip isn't displayed expected [false] but found [true]
	at org.testng.Assert.fail(Assert.java:94)
	at org.testng.Assert.failNotEquals(Assert.java:513)
	at org.testng.Assert.assertFalse(Assert.java:63)
	at PageObjects.MapObjects.waitToolTip(MapObjects.java:222)
	at map.searchWithQuotationMarks.andStep(searchWithQuotationMarks.java:55)
	at ✽.The user searches a hospital in search bar(file:///C:/Users/Alberto_PC/git/repository/crisisManagementSystem/src/test/resources/MapFeatures/SearchWithQuotationMArks.feature:6)
]]>
    </failure>
  </testcase> <!-- runScenario -->
</testsuite> <!-- RunMapTest.RunSearchWithQuotationMarks -->
