<?xml version="1.0" encoding="UTF-8"?>
<!-- Generated by org.testng.reporters.JUnitXMLReporter -->
<testsuite hostname="DESKTOP-V05VKJF" ignored="0" name="TestMapSuite" tests="14" failures="1" timestamp="07 sep 2020 16:53:05 GMT" time="572.069" errors="0">
  <testcase name="ElementsWithoutData" time="38.826" classname="test.MapTestSuite"/>
  <testcase name="LugaresDeInteresLayerGroupVisualizationOneByOne" time="48.576" classname="test.MapTestSuite"/>
  <testcase name="LugaresDeInteresLayerVisualization" time="39.43" classname="test.MapTestSuite"/>
  <testcase name="OpenLayerControlMenu" time="35.03" classname="test.MapTestSuite"/>
  <testcase name="ResetInicialPositionMap" time="39.748" classname="test.MapTestSuite"/>
  <testcase name="ResetInitialOrientationMap" time="44.035" classname="test.MapTestSuite"/>
  <testcase name="ViewHospitalDetails" time="39.01" classname="test.MapTestSuite"/>
  <testcase name="viewHospitalMenuDetails" time="42.3" classname="test.MapTestSuite"/>
  <testcase name="searchWithQuotationMarks" time="51.327" classname="test.MapTestSuite">
    <failure type="java.lang.AssertionError" message="The tooltip isn&amp;apos;t displayed expected [false] but found [true]">
      <![CDATA[java.lang.AssertionError: The tooltip isn't displayed expected [false] but found [true]
	at PageObjects.MapObjects.waitToolTip(MapObjects.java:236)
	at map.searchWithQuotationMarks.andStep(searchWithQuotationMarks.java:55)
	at test.MapTestSuite.searchWithQuotationMarks(MapTestSuite.java:131)
... Removed 28 stack frames]]>
    </failure>
  </testcase> <!-- searchWithQuotationMarks -->
  <testcase name="geographyLayerDisplayedInMap" time="35.291" classname="test.MapTestSuite"/>
  <testcase name="accedentesVialesGridView" time="39.881" classname="test.MapTestSuite"/>
  <testcase name="covid19XAlcalidaViewLayer" time="43.167" classname="test.MapTestSuite"/>
  <testcase name="trasladosPorAlcaldiaViewLayer" time="37.548" classname="test.MapTestSuite"/>
  <testcase name="trasladosPorAlcaldiaArcosViewLayer" time="37.635" classname="test.MapTestSuite"/>
</testsuite> <!-- TestMapSuite -->
